<?xml version="1.0" encoding="UTF-8"?>
<!-- Generated by org.testng.reporters.JUnitReportReporter -->
<testsuite hostname="SISBLRLPT265" name="GenericLearning.GetTheURL" tests="1" failures="0" timestamp="9 Feb 2019 12:37:55 GMT" time="3.110" errors="0">
  <testcase name="GetTheURLMethod" time="3.110" classname="GenericLearning.GetTheURL"/>
</testsuite> <!-- GenericLearning.GetTheURL -->
