<?xml version="1.0" encoding="UTF-8"?>
<!-- Generated by org.testng.reporters.JUnitReportReporter -->
<testsuite hostname="SISBLRLPT265" name="GenericLearning.CKH_Admin_Login" tests="1" failures="0" timestamp="9 Feb 2019 12:54:16 GMT" time="62.260" errors="0">
  <testcase name="CKH_Admin_Login_Method" time="62.260" classname="GenericLearning.CKH_Admin_Login"/>
</testsuite> <!-- GenericLearning.CKH_Admin_Login -->
